<?xml version="1.0" encoding="UTF-8"?>
<testng-results skipped="0" failed="0" ignored="0" total="1" passed="1">
  <reporter-output>
  </reporter-output>
  <suite name="com.learningMaven.LoginTest" duration-ms="9886" started-at="2017-03-28T20:42:21Z" finished-at="2017-03-28T20:42:31Z">
    <groups>
    </groups>
    <test name="Command line test" duration-ms="9886" started-at="2017-03-28T20:42:21Z" finished-at="2017-03-28T20:42:31Z">
      <class name="com.learningMaven.LoginTest">
        <test-method status="PASS" signature="login()[pri:0, instance:com.learningMaven.LoginTest@79698539]" name="login" duration-ms="9871" started-at="2017-03-28T23:42:21Z" finished-at="2017-03-28T23:42:31Z">
          <reporter-output>
          </reporter-output>
        </test-method> <!-- login -->
      </class> <!-- com.learningMaven.LoginTest -->
    </test> <!-- Command line test -->
  </suite> <!-- com.learningMaven.LoginTest -->
</testng-results>
